0 info it worked if it ends with ok
1 verbose cli [ '/Users/n00b/.nvm/versions/node/v6.2.1/bin/node',
1 verbose cli   '/Users/n00b/.nvm/versions/node/v6.2.1/bin/npm',
1 verbose cli   'start' ]
2 info using npm@3.9.3
3 info using node@v6.2.1
4 verbose run-script [ 'prestart', 'start', 'poststart' ]
5 info lifecycle acme-sales@1.0.0~prestart: acme-sales@1.0.0
6 silly lifecycle acme-sales@1.0.0~prestart: no script for prestart, continuing
7 info lifecycle acme-sales@1.0.0~start: acme-sales@1.0.0
8 verbose lifecycle acme-sales@1.0.0~start: unsafe-perm in lifecycle true
9 verbose lifecycle acme-sales@1.0.0~start: PATH: /Users/n00b/.nvm/versions/node/v6.2.1/lib/node_modules/npm/bin/node-gyp-bin:/Users/n00b/Desktop/Fullstack Academy/acme-sales/node_modules/.bin:/Users/n00b/.nvm/versions/node/v6.2.1/bin:/Users/n00b/.nvm/versions/node/v6.2.1/bin:/bin:/sbin:/usr/bin:/usr/local/sbin:/usr/local/bin:/usr/local/bin:/usr/bin:/bin:/usr/sbin:/sbin:/Applications/Postgres.app/Contents/Versions/latest/bin
10 verbose lifecycle acme-sales@1.0.0~start: CWD: /Users/n00b/Desktop/Fullstack Academy/acme-sales
11 silly lifecycle acme-sales@1.0.0~start: Args: [ '-c', 'PORT:3000 nodemon server.js' ]
12 info lifecycle acme-sales@1.0.0~start: Failed to exec start script
13 verbose stack Error: acme-sales@1.0.0 start: `PORT:3000 nodemon server.js`
13 verbose stack spawn ENOENT
13 verbose stack     at ChildProcess.<anonymous> (/Users/n00b/.nvm/versions/node/v6.2.1/lib/node_modules/npm/lib/utils/spawn.js:17:16)
13 verbose stack     at emitTwo (events.js:106:13)
13 verbose stack     at ChildProcess.emit (events.js:191:7)
13 verbose stack     at maybeClose (internal/child_process.js:852:16)
13 verbose stack     at Process.ChildProcess._handle.onexit (internal/child_process.js:215:5)
14 verbose pkgid acme-sales@1.0.0
15 verbose cwd /Users/n00b/Desktop/Fullstack Academy/acme-sales
16 error Darwin 15.6.0
17 error argv "/Users/n00b/.nvm/versions/node/v6.2.1/bin/node" "/Users/n00b/.nvm/versions/node/v6.2.1/bin/npm" "start"
18 error node v6.2.1
19 error npm  v3.9.3
20 error file sh
21 error code ELIFECYCLE
22 error errno ENOENT
23 error syscall spawn
24 error acme-sales@1.0.0 start: `PORT:3000 nodemon server.js`
24 error spawn ENOENT
25 error Failed at the acme-sales@1.0.0 start script 'PORT:3000 nodemon server.js'.
25 error Make sure you have the latest version of node.js and npm installed.
25 error If you do, this is most likely a problem with the acme-sales package,
25 error not with npm itself.
25 error Tell the author that this fails on your system:
25 error     PORT:3000 nodemon server.js
25 error You can get information on how to open an issue for this project with:
25 error     npm bugs acme-sales
25 error Or if that isn't available, you can get their info via:
25 error     npm owner ls acme-sales
25 error There is likely additional logging output above.
26 verbose exit [ 1, true ]
